<?xml version="1.0" encoding="UTF-8"?>
<coverage generated="1744428378196" clover="3.2.0">
  <project timestamp="1744428378196" name="All files">
    <metrics statements="109" coveredstatements="77" conditionals="22" coveredconditionals="14" methods="41" coveredmethods="30" elements="172" coveredelements="121" complexity="0" loc="109" ncloc="109" packages="2" files="2" classes="2"/>
    <package name="src">
      <metrics statements="105" coveredstatements="73" conditionals="20" coveredconditionals="12" methods="40" coveredmethods="29"/>
      <file name="index.ts" path="/home/notahacker/dreams/friendly-promise/src/index.ts">
        <metrics statements="105" coveredstatements="73" conditionals="20" coveredconditionals="12" methods="40" coveredmethods="29"/>
        <line num="1" count="1" type="stmt"/>
        <line num="3" count="1" type="stmt"/>
        <line num="4" count="56" type="stmt"/>
        <line num="5" count="56" type="stmt"/>
        <line num="6" count="56" type="stmt"/>
        <line num="7" count="56" type="stmt"/>
        <line num="8" count="56" type="stmt"/>
        <line num="11" count="56" type="stmt"/>
        <line num="12" count="39" type="cond" truecount="0" falsecount="1"/>
        <line num="13" count="39" type="stmt"/>
        <line num="14" count="39" type="stmt"/>
        <line num="15" count="39" type="stmt"/>
        <line num="18" count="56" type="stmt"/>
        <line num="19" count="6" type="cond" truecount="0" falsecount="1"/>
        <line num="20" count="6" type="stmt"/>
        <line num="21" count="6" type="stmt"/>
        <line num="22" count="6" type="stmt"/>
        <line num="25" count="56" type="stmt"/>
        <line num="26" count="56" type="stmt"/>
        <line num="28" count="0" type="stmt"/>
        <line num="36" count="28" type="stmt"/>
        <line num="37" count="28" type="stmt"/>
        <line num="38" count="21" type="cond" truecount="0" falsecount="1"/>
        <line num="39" count="21" type="stmt"/>
        <line num="40" count="21" type="stmt"/>
        <line num="41" count="21" type="cond" truecount="1" falsecount="1"/>
        <line num="42" count="0" type="stmt"/>
        <line num="44" count="21" type="stmt"/>
        <line num="47" count="0" type="stmt"/>
        <line num="51" count="28" type="stmt"/>
        <line num="52" count="5" type="cond" truecount="1" falsecount="0"/>
        <line num="53" count="4" type="stmt"/>
        <line num="54" count="4" type="stmt"/>
        <line num="55" count="4" type="cond" truecount="1" falsecount="1"/>
        <line num="56" count="0" type="stmt"/>
        <line num="58" count="4" type="stmt"/>
        <line num="61" count="0" type="stmt"/>
        <line num="65" count="28" type="cond" truecount="2" falsecount="0"/>
        <line num="66" count="18" type="stmt"/>
        <line num="67" count="10" type="cond" truecount="2" falsecount="0"/>
        <line num="68" count="4" type="stmt"/>
        <line num="70" count="6" type="stmt"/>
        <line num="71" count="6" type="stmt"/>
        <line num="79" count="7" type="stmt"/>
        <line num="80" count="7" type="stmt"/>
        <line num="81" count="1" type="stmt"/>
        <line num="82" count="1" type="stmt"/>
        <line num="83" count="1" type="cond" truecount="1" falsecount="1"/>
        <line num="84" count="0" type="stmt"/>
        <line num="86" count="1" type="stmt"/>
        <line num="89" count="0" type="stmt"/>
        <line num="93" count="7" type="cond" truecount="2" falsecount="0"/>
        <line num="94" count="1" type="stmt"/>
        <line num="95" count="6" type="cond" truecount="1" falsecount="0"/>
        <line num="96" count="3" type="stmt"/>
        <line num="102" count="1" type="stmt"/>
        <line num="103" count="1" type="stmt"/>
        <line num="105" count="1" type="stmt"/>
        <line num="106" count="1" type="stmt"/>
        <line num="107" count="1" type="stmt"/>
        <line num="109" count="0" type="stmt"/>
        <line num="113" count="0" type="stmt"/>
        <line num="114" count="0" type="stmt"/>
        <line num="115" count="0" type="stmt"/>
        <line num="117" count="0" type="stmt"/>
        <line num="125" count="2" type="stmt"/>
        <line num="126" count="2" type="stmt"/>
        <line num="127" count="1" type="stmt"/>
        <line num="130" count="2" type="stmt"/>
        <line num="131" count="1" type="stmt"/>
        <line num="132" count="1" type="stmt"/>
        <line num="134" count="0" type="stmt"/>
        <line num="135" count="0" type="stmt"/>
        <line num="141" count="0" type="stmt"/>
        <line num="143" count="0" type="stmt"/>
        <line num="144" count="0" type="stmt"/>
        <line num="147" count="0" type="stmt"/>
        <line num="148" count="0" type="stmt"/>
        <line num="154" count="1" type="stmt"/>
        <line num="155" count="1" type="stmt"/>
        <line num="156" count="1" type="stmt"/>
        <line num="158" count="1" type="stmt"/>
        <line num="159" count="2" type="stmt"/>
        <line num="161" count="2" type="stmt"/>
        <line num="162" count="2" type="stmt"/>
        <line num="164" count="2" type="cond" truecount="1" falsecount="0"/>
        <line num="165" count="1" type="stmt"/>
        <line num="174" count="1" type="stmt"/>
        <line num="175" count="1" type="stmt"/>
        <line num="176" count="2" type="stmt"/>
        <line num="189" count="0" type="stmt"/>
        <line num="193" count="0" type="stmt"/>
        <line num="195" count="0" type="stmt"/>
        <line num="197" count="0" type="cond" truecount="0" falsecount="1"/>
        <line num="198" count="0" type="stmt"/>
        <line num="199" count="0" type="stmt"/>
        <line num="202" count="0" type="stmt"/>
        <line num="203" count="0" type="stmt"/>
        <line num="205" count="0" type="stmt"/>
        <line num="208" count="0" type="stmt"/>
        <line num="211" count="0" type="stmt"/>
        <line num="212" count="0" type="cond" truecount="0" falsecount="1"/>
        <line num="213" count="0" type="stmt"/>
        <line num="221" count="1" type="stmt"/>
        <line num="225" count="1" type="stmt"/>
      </file>
    </package>
    <package name="src.types">
      <metrics statements="4" coveredstatements="4" conditionals="2" coveredconditionals="2" methods="1" coveredmethods="1"/>
      <file name="types.ts" path="/home/notahacker/dreams/friendly-promise/src/types/types.ts">
        <metrics statements="4" coveredstatements="4" conditionals="2" coveredconditionals="2" methods="1" coveredmethods="1"/>
        <line num="6" count="1" type="cond" truecount="2" falsecount="0"/>
        <line num="7" count="1" type="stmt"/>
        <line num="8" count="1" type="stmt"/>
        <line num="9" count="1" type="stmt"/>
      </file>
    </package>
  </project>
</coverage>
