{"/home/notahacker/dreams/friendly-promise/src/index.ts": {"path":"/home/notahacker/dreams/friendly-promise/src/index.ts","statementMap":{"0":{"start":{"line":1,"column":0},"end":{"line":1,"column":66}},"1":{"start":{"line":4,"column":10},"end":{"line":4,"column":45}},"2":{"start":{"line":5,"column":10},"end":{"line":5,"column":33}},"3":{"start":{"line":6,"column":10},"end":{"line":6,"column":33}},"4":{"start":{"line":7,"column":10},"end":{"line":7,"column":59}},"5":{"start":{"line":8,"column":10},"end":{"line":8,"column":64}},"6":{"start":{"line":11,"column":20},"end":{"line":16,"column":5}},"7":{"start":{"line":12,"column":6},"end":{"line":12,"column":53}},"8":{"start":{"line":12,"column":46},"end":{"line":12,"column":53}},"9":{"start":{"line":13,"column":6},"end":{"line":13,"column":41}},"10":{"start":{"line":14,"column":6},"end":{"line":14,"column":30}},"11":{"start":{"line":15,"column":6},"end":{"line":15,"column":61}},"12":{"start":{"line":15,"column":44},"end":{"line":15,"column":59}},"13":{"start":{"line":18,"column":19},"end":{"line":23,"column":5}},"14":{"start":{"line":19,"column":6},"end":{"line":19,"column":53}},"15":{"start":{"line":19,"column":46},"end":{"line":19,"column":53}},"16":{"start":{"line":20,"column":6},"end":{"line":20,"column":40}},"17":{"start":{"line":21,"column":6},"end":{"line":21,"column":27}},"18":{"start":{"line":22,"column":6},"end":{"line":22,"column":59}},"19":{"start":{"line":22,"column":42},"end":{"line":22,"column":57}},"20":{"start":{"line":25,"column":4},"end":{"line":29,"column":5}},"21":{"start":{"line":26,"column":6},"end":{"line":26,"column":32}},"22":{"start":{"line":28,"column":6},"end":{"line":28,"column":18}},"23":{"start":{"line":36,"column":4},"end":{"line":73,"column":7}},"24":{"start":{"line":37,"column":30},"end":{"line":49,"column":7}},"25":{"start":{"line":38,"column":8},"end":{"line":38,"column":64}},"26":{"start":{"line":38,"column":26},"end":{"line":38,"column":64}},"27":{"start":{"line":39,"column":8},"end":{"line":48,"column":9}},"28":{"start":{"line":40,"column":25},"end":{"line":40,"column":43}},"29":{"start":{"line":41,"column":10},"end":{"line":45,"column":11}},"30":{"start":{"line":42,"column":12},"end":{"line":42,"column":41}},"31":{"start":{"line":44,"column":12},"end":{"line":44,"column":28}},"32":{"start":{"line":47,"column":10},"end":{"line":47,"column":22}},"33":{"start":{"line":51,"column":29},"end":{"line":63,"column":7}},"34":{"start":{"line":52,"column":8},"end":{"line":52,"column":47}},"35":{"start":{"line":52,"column":25},"end":{"line":52,"column":47}},"36":{"start":{"line":53,"column":8},"end":{"line":62,"column":9}},"37":{"start":{"line":54,"column":25},"end":{"line":54,"column":43}},"38":{"start":{"line":55,"column":10},"end":{"line":59,"column":11}},"39":{"start":{"line":56,"column":12},"end":{"line":56,"column":41}},"40":{"start":{"line":58,"column":12},"end":{"line":58,"column":33}},"41":{"start":{"line":61,"column":10},"end":{"line":61,"column":22}},"42":{"start":{"line":65,"column":6},"end":{"line":72,"column":7}},"43":{"start":{"line":66,"column":8},"end":{"line":66,"column":37}},"44":{"start":{"line":67,"column":13},"end":{"line":72,"column":7}},"45":{"start":{"line":68,"column":8},"end":{"line":68,"column":36}},"46":{"start":{"line":70,"column":8},"end":{"line":70,"column":52}},"47":{"start":{"line":71,"column":8},"end":{"line":71,"column":49}},"48":{"start":{"line":79,"column":4},"end":{"line":98,"column":7}},"49":{"start":{"line":80,"column":23},"end":{"line":91,"column":7}},"50":{"start":{"line":81,"column":8},"end":{"line":90,"column":9}},"51":{"start":{"line":82,"column":25},"end":{"line":82,"column":43}},"52":{"start":{"line":83,"column":10},"end":{"line":87,"column":11}},"53":{"start":{"line":84,"column":12},"end":{"line":84,"column":47}},"54":{"start":{"line":86,"column":12},"end":{"line":86,"column":33}},"55":{"start":{"line":89,"column":10},"end":{"line":89,"column":22}},"56":{"start":{"line":93,"column":6},"end":{"line":97,"column":7}},"57":{"start":{"line":94,"column":8},"end":{"line":94,"column":30}},"58":{"start":{"line":95,"column":13},"end":{"line":97,"column":7}},"59":{"start":{"line":96,"column":8},"end":{"line":96,"column":43}},"60":{"start":{"line":102,"column":4},"end":{"line":121,"column":7}},"61":{"start":{"line":103,"column":6},"end":{"line":120,"column":8}},"62":{"start":{"line":105,"column":10},"end":{"line":110,"column":11}},"63":{"start":{"line":106,"column":12},"end":{"line":106,"column":23}},"64":{"start":{"line":107,"column":12},"end":{"line":107,"column":27}},"65":{"start":{"line":109,"column":12},"end":{"line":109,"column":24}},"66":{"start":{"line":113,"column":10},"end":{"line":118,"column":11}},"67":{"start":{"line":114,"column":12},"end":{"line":114,"column":23}},"68":{"start":{"line":115,"column":12},"end":{"line":115,"column":27}},"69":{"start":{"line":117,"column":12},"end":{"line":117,"column":24}},"70":{"start":{"line":125,"column":4},"end":{"line":137,"column":7}},"71":{"start":{"line":126,"column":20},"end":{"line":128,"column":12}},"72":{"start":{"line":127,"column":8},"end":{"line":127,"column":47}},"73":{"start":{"line":130,"column":6},"end":{"line":136,"column":9}},"74":{"start":{"line":131,"column":8},"end":{"line":131,"column":28}},"75":{"start":{"line":132,"column":8},"end":{"line":132,"column":21}},"76":{"start":{"line":134,"column":8},"end":{"line":134,"column":28}},"77":{"start":{"line":135,"column":8},"end":{"line":135,"column":20}},"78":{"start":{"line":141,"column":4},"end":{"line":150,"column":6}},"79":{"start":{"line":143,"column":8},"end":{"line":143,"column":24}},"80":{"start":{"line":144,"column":8},"end":{"line":144,"column":21}},"81":{"start":{"line":147,"column":8},"end":{"line":147,"column":30}},"82":{"start":{"line":148,"column":8},"end":{"line":148,"column":21}},"83":{"start":{"line":154,"column":4},"end":{"line":170,"column":7}},"84":{"start":{"line":155,"column":27},"end":{"line":155,"column":29}},"85":{"start":{"line":156,"column":22},"end":{"line":156,"column":23}},"86":{"start":{"line":158,"column":6},"end":{"line":169,"column":9}},"87":{"start":{"line":159,"column":8},"end":{"line":168,"column":25}},"88":{"start":{"line":161,"column":12},"end":{"line":161,"column":35}},"89":{"start":{"line":162,"column":12},"end":{"line":162,"column":24}},"90":{"start":{"line":164,"column":12},"end":{"line":166,"column":13}},"91":{"start":{"line":165,"column":14},"end":{"line":165,"column":31}},"92":{"start":{"line":174,"column":4},"end":{"line":178,"column":7}},"93":{"start":{"line":175,"column":6},"end":{"line":177,"column":7}},"94":{"start":{"line":176,"column":8},"end":{"line":176,"column":38}},"95":{"start":{"line":189,"column":4},"end":{"line":217,"column":7}},"96":{"start":{"line":193,"column":10},"end":{"line":193,"column":12}},"97":{"start":{"line":195,"column":22},"end":{"line":195,"column":23}},"98":{"start":{"line":197,"column":6},"end":{"line":200,"column":7}},"99":{"start":{"line":198,"column":8},"end":{"line":198,"column":25}},"100":{"start":{"line":199,"column":8},"end":{"line":199,"column":15}},"101":{"start":{"line":202,"column":6},"end":{"line":216,"column":9}},"102":{"start":{"line":203,"column":8},"end":{"line":215,"column":13}},"103":{"start":{"line":205,"column":12},"end":{"line":205,"column":66}},"104":{"start":{"line":208,"column":12},"end":{"line":208,"column":66}},"105":{"start":{"line":211,"column":12},"end":{"line":211,"column":24}},"106":{"start":{"line":212,"column":12},"end":{"line":214,"column":13}},"107":{"start":{"line":213,"column":14},"end":{"line":213,"column":31}},"108":{"start":{"line":221,"column":4},"end":{"line":221,"column":63}},"109":{"start":{"line":221,"column":47},"end":{"line":221,"column":61}},"110":{"start":{"line":225,"column":4},"end":{"line":225,"column":65}},"111":{"start":{"line":225,"column":49},"end":{"line":225,"column":63}},"112":{"start":{"line":3,"column":0},"end":{"line":3,"column":13}}},"fnMap":{"0":{"name":"(anonymous_0)","decl":{"start":{"line":10,"column":2},"end":{"line":10,"column":14}},"loc":{"start":{"line":10,"column":35},"end":{"line":30,"column":3}}},"1":{"name":"(anonymous_1)","decl":{"start":{"line":11,"column":20},"end":{"line":11,"column":21}},"loc":{"start":{"line":11,"column":50},"end":{"line":16,"column":5}}},"2":{"name":"(anonymous_2)","decl":{"start":{"line":15,"column":36},"end":{"line":15,"column":37}},"loc":{"start":{"line":15,"column":44},"end":{"line":15,"column":59}}},"3":{"name":"(anonymous_3)","decl":{"start":{"line":18,"column":19},"end":{"line":18,"column":20}},"loc":{"start":{"line":18,"column":39},"end":{"line":23,"column":5}}},"4":{"name":"(anonymous_4)","decl":{"start":{"line":22,"column":34},"end":{"line":22,"column":35}},"loc":{"start":{"line":22,"column":42},"end":{"line":22,"column":57}}},"5":{"name":"(anonymous_5)","decl":{"start":{"line":32,"column":9},"end":{"line":32,"column":13}},"loc":{"start":{"line":34,"column":60},"end":{"line":74,"column":3}}},"6":{"name":"(anonymous_6)","decl":{"start":{"line":36,"column":38},"end":{"line":36,"column":39}},"loc":{"start":{"line":36,"column":58},"end":{"line":73,"column":5}}},"7":{"name":"(anonymous_7)","decl":{"start":{"line":37,"column":30},"end":{"line":37,"column":31}},"loc":{"start":{"line":37,"column":43},"end":{"line":49,"column":7}}},"8":{"name":"(anonymous_8)","decl":{"start":{"line":51,"column":29},"end":{"line":51,"column":30}},"loc":{"start":{"line":51,"column":49},"end":{"line":63,"column":7}}},"9":{"name":"(anonymous_9)","decl":{"start":{"line":76,"column":9},"end":{"line":76,"column":14}},"loc":{"start":{"line":77,"column":59},"end":{"line":99,"column":3}}},"10":{"name":"(anonymous_10)","decl":{"start":{"line":79,"column":38},"end":{"line":79,"column":39}},"loc":{"start":{"line":79,"column":58},"end":{"line":98,"column":5}}},"11":{"name":"(anonymous_11)","decl":{"start":{"line":80,"column":23},"end":{"line":80,"column":24}},"loc":{"start":{"line":80,"column":43},"end":{"line":91,"column":7}}},"12":{"name":"(anonymous_12)","decl":{"start":{"line":101,"column":9},"end":{"line":101,"column":16}},"loc":{"start":{"line":101,"column":37},"end":{"line":122,"column":3}}},"13":{"name":"(anonymous_13)","decl":{"start":{"line":102,"column":34},"end":{"line":102,"column":35}},"loc":{"start":{"line":102,"column":54},"end":{"line":121,"column":5}}},"14":{"name":"(anonymous_14)","decl":{"start":{"line":104,"column":8},"end":{"line":104,"column":9}},"loc":{"start":{"line":104,"column":21},"end":{"line":111,"column":9}}},"15":{"name":"(anonymous_15)","decl":{"start":{"line":112,"column":8},"end":{"line":112,"column":9}},"loc":{"start":{"line":112,"column":28},"end":{"line":119,"column":9}}},"16":{"name":"(anonymous_16)","decl":{"start":{"line":124,"column":9},"end":{"line":124,"column":20}},"loc":{"start":{"line":124,"column":31},"end":{"line":138,"column":3}}},"17":{"name":"(anonymous_17)","decl":{"start":{"line":125,"column":34},"end":{"line":125,"column":35}},"loc":{"start":{"line":125,"column":54},"end":{"line":137,"column":5}}},"18":{"name":"(anonymous_18)","decl":{"start":{"line":126,"column":31},"end":{"line":126,"column":34}},"loc":{"start":{"line":126,"column":36},"end":{"line":128,"column":7}}},"19":{"name":"(anonymous_19)","decl":{"start":{"line":130,"column":16},"end":{"line":130,"column":17}},"loc":{"start":{"line":130,"column":24},"end":{"line":133,"column":7}}},"20":{"name":"(anonymous_20)","decl":{"start":{"line":133,"column":15},"end":{"line":133,"column":16}},"loc":{"start":{"line":133,"column":23},"end":{"line":136,"column":7}}},"21":{"name":"(anonymous_21)","decl":{"start":{"line":140,"column":9},"end":{"line":140,"column":12}},"loc":{"start":{"line":140,"column":41},"end":{"line":151,"column":3}}},"22":{"name":"(anonymous_22)","decl":{"start":{"line":142,"column":6},"end":{"line":142,"column":7}},"loc":{"start":{"line":142,"column":16},"end":{"line":145,"column":7}}},"23":{"name":"(anonymous_23)","decl":{"start":{"line":146,"column":6},"end":{"line":146,"column":7}},"loc":{"start":{"line":146,"column":17},"end":{"line":149,"column":7}}},"24":{"name":"(anonymous_24)","decl":{"start":{"line":153,"column":9},"end":{"line":153,"column":15}},"loc":{"start":{"line":153,"column":53},"end":{"line":171,"column":3}}},"25":{"name":"(anonymous_25)","decl":{"start":{"line":154,"column":36},"end":{"line":154,"column":37}},"loc":{"start":{"line":154,"column":56},"end":{"line":170,"column":5}}},"26":{"name":"(anonymous_26)","decl":{"start":{"line":158,"column":23},"end":{"line":158,"column":24}},"loc":{"start":{"line":158,"column":42},"end":{"line":169,"column":7}}},"27":{"name":"(anonymous_27)","decl":{"start":{"line":160,"column":16},"end":{"line":160,"column":17}},"loc":{"start":{"line":160,"column":26},"end":{"line":167,"column":11}}},"28":{"name":"(anonymous_28)","decl":{"start":{"line":173,"column":9},"end":{"line":173,"column":15}},"loc":{"start":{"line":173,"column":54},"end":{"line":179,"column":3}}},"29":{"name":"(anonymous_29)","decl":{"start":{"line":174,"column":34},"end":{"line":174,"column":35}},"loc":{"start":{"line":174,"column":54},"end":{"line":178,"column":5}}},"30":{"name":"(anonymous_30)","decl":{"start":{"line":181,"column":9},"end":{"line":181,"column":15}},"loc":{"start":{"line":182,"column":34},"end":{"line":218,"column":3}}},"31":{"name":"(anonymous_31)","decl":{"start":{"line":189,"column":31},"end":{"line":189,"column":32}},"loc":{"start":{"line":189,"column":43},"end":{"line":217,"column":5}}},"32":{"name":"(anonymous_32)","decl":{"start":{"line":202,"column":23},"end":{"line":202,"column":24}},"loc":{"start":{"line":202,"column":38},"end":{"line":216,"column":7}}},"33":{"name":"(anonymous_33)","decl":{"start":{"line":204,"column":16},"end":{"line":204,"column":17}},"loc":{"start":{"line":204,"column":26},"end":{"line":206,"column":11}}},"34":{"name":"(anonymous_34)","decl":{"start":{"line":207,"column":17},"end":{"line":207,"column":18}},"loc":{"start":{"line":207,"column":28},"end":{"line":209,"column":11}}},"35":{"name":"(anonymous_35)","decl":{"start":{"line":210,"column":19},"end":{"line":210,"column":22}},"loc":{"start":{"line":210,"column":24},"end":{"line":215,"column":11}}},"36":{"name":"(anonymous_36)","decl":{"start":{"line":220,"column":9},"end":{"line":220,"column":15}},"loc":{"start":{"line":220,"column":35},"end":{"line":222,"column":3}}},"37":{"name":"(anonymous_37)","decl":{"start":{"line":221,"column":34},"end":{"line":221,"column":35}},"loc":{"start":{"line":221,"column":47},"end":{"line":221,"column":61}}},"38":{"name":"(anonymous_38)","decl":{"start":{"line":224,"column":9},"end":{"line":224,"column":15}},"loc":{"start":{"line":224,"column":49},"end":{"line":226,"column":3}}},"39":{"name":"(anonymous_39)","decl":{"start":{"line":225,"column":34},"end":{"line":225,"column":35}},"loc":{"start":{"line":225,"column":49},"end":{"line":225,"column":63}}}},"branchMap":{"0":{"loc":{"start":{"line":12,"column":6},"end":{"line":12,"column":53}},"type":"if","locations":[{"start":{"line":12,"column":6},"end":{"line":12,"column":53}}]},"1":{"loc":{"start":{"line":19,"column":6},"end":{"line":19,"column":53}},"type":"if","locations":[{"start":{"line":19,"column":6},"end":{"line":19,"column":53}}]},"2":{"loc":{"start":{"line":38,"column":8},"end":{"line":38,"column":64}},"type":"if","locations":[{"start":{"line":38,"column":8},"end":{"line":38,"column":64}}]},"3":{"loc":{"start":{"line":41,"column":10},"end":{"line":45,"column":11}},"type":"if","locations":[{"start":{"line":41,"column":10},"end":{"line":45,"column":11}},{"start":{"line":43,"column":17},"end":{"line":45,"column":11}}]},"4":{"loc":{"start":{"line":52,"column":8},"end":{"line":52,"column":47}},"type":"if","locations":[{"start":{"line":52,"column":8},"end":{"line":52,"column":47}}]},"5":{"loc":{"start":{"line":55,"column":10},"end":{"line":59,"column":11}},"type":"if","locations":[{"start":{"line":55,"column":10},"end":{"line":59,"column":11}},{"start":{"line":57,"column":17},"end":{"line":59,"column":11}}]},"6":{"loc":{"start":{"line":65,"column":6},"end":{"line":72,"column":7}},"type":"if","locations":[{"start":{"line":65,"column":6},"end":{"line":72,"column":7}},{"start":{"line":67,"column":13},"end":{"line":72,"column":7}}]},"7":{"loc":{"start":{"line":67,"column":13},"end":{"line":72,"column":7}},"type":"if","locations":[{"start":{"line":67,"column":13},"end":{"line":72,"column":7}},{"start":{"line":69,"column":13},"end":{"line":72,"column":7}}]},"8":{"loc":{"start":{"line":83,"column":10},"end":{"line":87,"column":11}},"type":"if","locations":[{"start":{"line":83,"column":10},"end":{"line":87,"column":11}},{"start":{"line":85,"column":17},"end":{"line":87,"column":11}}]},"9":{"loc":{"start":{"line":93,"column":6},"end":{"line":97,"column":7}},"type":"if","locations":[{"start":{"line":93,"column":6},"end":{"line":97,"column":7}},{"start":{"line":95,"column":13},"end":{"line":97,"column":7}}]},"10":{"loc":{"start":{"line":95,"column":13},"end":{"line":97,"column":7}},"type":"if","locations":[{"start":{"line":95,"column":13},"end":{"line":97,"column":7}}]},"11":{"loc":{"start":{"line":164,"column":12},"end":{"line":166,"column":13}},"type":"if","locations":[{"start":{"line":164,"column":12},"end":{"line":166,"column":13}}]},"12":{"loc":{"start":{"line":197,"column":6},"end":{"line":200,"column":7}},"type":"if","locations":[{"start":{"line":197,"column":6},"end":{"line":200,"column":7}}]},"13":{"loc":{"start":{"line":212,"column":12},"end":{"line":214,"column":13}},"type":"if","locations":[{"start":{"line":212,"column":12},"end":{"line":214,"column":13}}]}},"s":{"0":1,"1":56,"2":56,"3":56,"4":56,"5":56,"6":56,"7":39,"8":0,"9":39,"10":39,"11":39,"12":3,"13":56,"14":6,"15":0,"16":6,"17":6,"18":6,"19":1,"20":56,"21":56,"22":0,"23":28,"24":28,"25":21,"26":0,"27":21,"28":21,"29":21,"30":0,"31":21,"32":0,"33":28,"34":5,"35":1,"36":4,"37":4,"38":4,"39":0,"40":4,"41":0,"42":28,"43":18,"44":10,"45":4,"46":6,"47":6,"48":7,"49":7,"50":1,"51":1,"52":1,"53":0,"54":1,"55":0,"56":7,"57":1,"58":6,"59":3,"60":1,"61":1,"62":1,"63":1,"64":1,"65":0,"66":0,"67":0,"68":0,"69":0,"70":2,"71":2,"72":1,"73":2,"74":1,"75":1,"76":0,"77":0,"78":0,"79":0,"80":0,"81":0,"82":0,"83":1,"84":1,"85":1,"86":1,"87":2,"88":2,"89":2,"90":2,"91":1,"92":1,"93":1,"94":2,"95":0,"96":0,"97":0,"98":0,"99":0,"100":0,"101":0,"102":0,"103":0,"104":0,"105":0,"106":0,"107":0,"108":1,"109":1,"110":1,"111":1,"112":1},"f":{"0":56,"1":39,"2":3,"3":6,"4":1,"5":28,"6":28,"7":21,"8":5,"9":7,"10":7,"11":1,"12":1,"13":1,"14":1,"15":0,"16":2,"17":2,"18":1,"19":1,"20":0,"21":0,"22":0,"23":0,"24":1,"25":1,"26":2,"27":2,"28":1,"29":1,"30":0,"31":0,"32":0,"33":0,"34":0,"35":0,"36":1,"37":1,"38":1,"39":1},"b":{"0":[0],"1":[0],"2":[0],"3":[0,21],"4":[1],"5":[0,4],"6":[18,10],"7":[4,6],"8":[0,1],"9":[1,6],"10":[3],"11":[1],"12":[0],"13":[0]}}
,"/home/notahacker/dreams/friendly-promise/src/types/types.ts": {"path":"/home/notahacker/dreams/friendly-promise/src/types/types.ts","statementMap":{"0":{"start":{"line":6,"column":0},"end":{"line":6,"column":null}},"1":{"start":{"line":7,"column":4},"end":{"line":7,"column":null}},"2":{"start":{"line":8,"column":4},"end":{"line":8,"column":null}},"3":{"start":{"line":9,"column":4},"end":{"line":9,"column":null}}},"fnMap":{"0":{"name":"(anonymous_0)","decl":{"start":{"line":6,"column":0},"end":{"line":6,"column":12}},"loc":{"start":{"line":6,"column":23},"end":{"line":10,"column":1}}}},"branchMap":{"0":{"loc":{"start":{"line":6,"column":12},"end":{"line":6,"column":null}},"type":"binary-expr","locations":[{"start":{"line":6,"column":12},"end":{"line":6,"column":23}},{"start":{"line":6,"column":23},"end":{"line":6,"column":null}}]}},"s":{"0":1,"1":1,"2":1,"3":1},"f":{"0":1},"b":{"0":[1,1]}}
}
