TN:
SF:src/index.ts
FN:10,(anonymous_0)
FN:11,(anonymous_1)
FN:15,(anonymous_2)
FN:18,(anonymous_3)
FN:22,(anonymous_4)
FN:32,(anonymous_5)
FN:36,(anonymous_6)
FN:37,(anonymous_7)
FN:51,(anonymous_8)
FN:76,(anonymous_9)
FN:79,(anonymous_10)
FN:80,(anonymous_11)
FN:101,(anonymous_12)
FN:102,(anonymous_13)
FN:104,(anonymous_14)
FN:112,(anonymous_15)
FN:124,(anonymous_16)
FN:125,(anonymous_17)
FN:126,(anonymous_18)
FN:130,(anonymous_19)
FN:133,(anonymous_20)
FN:140,(anonymous_21)
FN:142,(anonymous_22)
FN:146,(anonymous_23)
FN:153,(anonymous_24)
FN:154,(anonymous_25)
FN:158,(anonymous_26)
FN:160,(anonymous_27)
FN:173,(anonymous_28)
FN:174,(anonymous_29)
FN:181,(anonymous_30)
FN:189,(anonymous_31)
FN:202,(anonymous_32)
FN:204,(anonymous_33)
FN:207,(anonymous_34)
FN:210,(anonymous_35)
FN:220,(anonymous_36)
FN:221,(anonymous_37)
FN:224,(anonymous_38)
FN:225,(anonymous_39)
FNF:40
FNH:29
FNDA:56,(anonymous_0)
FNDA:39,(anonymous_1)
FNDA:3,(anonymous_2)
FNDA:6,(anonymous_3)
FNDA:1,(anonymous_4)
FNDA:28,(anonymous_5)
FNDA:28,(anonymous_6)
FNDA:21,(anonymous_7)
FNDA:5,(anonymous_8)
FNDA:7,(anonymous_9)
FNDA:7,(anonymous_10)
FNDA:1,(anonymous_11)
FNDA:1,(anonymous_12)
FNDA:1,(anonymous_13)
FNDA:1,(anonymous_14)
FNDA:0,(anonymous_15)
FNDA:2,(anonymous_16)
FNDA:2,(anonymous_17)
FNDA:1,(anonymous_18)
FNDA:1,(anonymous_19)
FNDA:0,(anonymous_20)
FNDA:0,(anonymous_21)
FNDA:0,(anonymous_22)
FNDA:0,(anonymous_23)
FNDA:1,(anonymous_24)
FNDA:1,(anonymous_25)
FNDA:2,(anonymous_26)
FNDA:2,(anonymous_27)
FNDA:1,(anonymous_28)
FNDA:1,(anonymous_29)
FNDA:0,(anonymous_30)
FNDA:0,(anonymous_31)
FNDA:0,(anonymous_32)
FNDA:0,(anonymous_33)
FNDA:0,(anonymous_34)
FNDA:0,(anonymous_35)
FNDA:1,(anonymous_36)
FNDA:1,(anonymous_37)
FNDA:1,(anonymous_38)
FNDA:1,(anonymous_39)
DA:1,1
DA:3,1
DA:4,56
DA:5,56
DA:6,56
DA:7,56
DA:8,56
DA:11,56
DA:12,39
DA:13,39
DA:14,39
DA:15,39
DA:18,56
DA:19,6
DA:20,6
DA:21,6
DA:22,6
DA:25,56
DA:26,56
DA:28,0
DA:36,28
DA:37,28
DA:38,21
DA:39,21
DA:40,21
DA:41,21
DA:42,0
DA:44,21
DA:47,0
DA:51,28
DA:52,5
DA:53,4
DA:54,4
DA:55,4
DA:56,0
DA:58,4
DA:61,0
DA:65,28
DA:66,18
DA:67,10
DA:68,4
DA:70,6
DA:71,6
DA:79,7
DA:80,7
DA:81,1
DA:82,1
DA:83,1
DA:84,0
DA:86,1
DA:89,0
DA:93,7
DA:94,1
DA:95,6
DA:96,3
DA:102,1
DA:103,1
DA:105,1
DA:106,1
DA:107,1
DA:109,0
DA:113,0
DA:114,0
DA:115,0
DA:117,0
DA:125,2
DA:126,2
DA:127,1
DA:130,2
DA:131,1
DA:132,1
DA:134,0
DA:135,0
DA:141,0
DA:143,0
DA:144,0
DA:147,0
DA:148,0
DA:154,1
DA:155,1
DA:156,1
DA:158,1
DA:159,2
DA:161,2
DA:162,2
DA:164,2
DA:165,1
DA:174,1
DA:175,1
DA:176,2
DA:189,0
DA:193,0
DA:195,0
DA:197,0
DA:198,0
DA:199,0
DA:202,0
DA:203,0
DA:205,0
DA:208,0
DA:211,0
DA:212,0
DA:213,0
DA:221,1
DA:225,1
LF:105
LH:73
BRDA:12,0,0,0
BRDA:19,1,0,0
BRDA:38,2,0,0
BRDA:41,3,0,0
BRDA:41,3,1,21
BRDA:52,4,0,1
BRDA:55,5,0,0
BRDA:55,5,1,4
BRDA:65,6,0,18
BRDA:65,6,1,10
BRDA:67,7,0,4
BRDA:67,7,1,6
BRDA:83,8,0,0
BRDA:83,8,1,1
BRDA:93,9,0,1
BRDA:93,9,1,6
BRDA:95,10,0,3
BRDA:164,11,0,1
BRDA:197,12,0,0
BRDA:212,13,0,0
BRF:20
BRH:12
end_of_record
TN:
SF:src/types/types.ts
FN:6,(anonymous_0)
FNF:1
FNH:1
FNDA:1,(anonymous_0)
DA:6,1
DA:7,1
DA:8,1
DA:9,1
LF:4
LH:4
BRDA:6,0,0,1
BRDA:6,0,1,1
BRF:2
BRH:2
end_of_record
